[17:40:56] [main/INFO]: Environment: authHost='https://authserver.mojang.com', accountsHost='https://api.mojang.com', sessionHost='https://sessionserver.mojang.com', servicesHost='https://api.minecraftservices.com', name='PROD'
[17:40:56] [main/WARN]: Ambiguity between arguments [teleport, destination] and [teleport, targets] with inputs: [Player, 0123, @e, dd12be42-52a9-4a91-a8a1-11c01849e498]
[17:40:56] [main/WARN]: Ambiguity between arguments [teleport, location] and [teleport, destination] with inputs: [0.1 -0.5 .9, 0 0 0]
[17:40:56] [main/WARN]: Ambiguity between arguments [teleport, location] and [teleport, targets] with inputs: [0.1 -0.5 .9, 0 0 0]
[17:40:56] [main/WARN]: Ambiguity between arguments [teleport, targets] and [teleport, destination] with inputs: [Player, 0123, dd12be42-52a9-4a91-a8a1-11c01849e498]
[17:40:56] [main/WARN]: Ambiguity between arguments [teleport, targets, location] and [teleport, targets, destination] with inputs: [0.1 -0.5 .9, 0 0 0]
[17:40:56] [main/INFO]: Reloading ResourceManager: Default
[17:40:57] [Worker-Main-4/INFO]: Loaded 7 recipes
[17:40:58] [Worker-Main-4/INFO]: Loaded 927 advancements
[17:40:59] [Server thread/INFO]: Starting minecraft server version 1.16.5
[17:40:59] [Server thread/INFO]: Loading properties
[17:40:59] [Server thread/INFO]: Default game type: SURVIVAL
[17:40:59] [Server thread/INFO]: Generating keypair
[17:40:59] [Server thread/INFO]: Starting Minecraft server on *:25565
[17:41:00] [Server thread/INFO]: Using epoll channel type
[17:41:00] [Server thread/WARN]: **** SERVER IS RUNNING IN OFFLINE/INSECURE MODE!
[17:41:00] [Server thread/WARN]: The server will make no attempt to authenticate usernames. Beware.
[17:41:00] [Server thread/WARN]: While this makes the game possible to play without internet access, it also opens up the ability for hackers to connect with any username they choose.
[17:41:00] [Server thread/WARN]: To change this, set "online-mode" to "true" in the server.properties file.
[17:41:00] [Server thread/INFO]: Preparing level "world"
[17:41:05] [Server thread/INFO]: Preparing start region for dimension minecraft:overworld
[17:41:05] [Worker-Main-6/INFO]: Preparing spawn area: 0%
[17:41:05] [Worker-Main-6/INFO]: Preparing spawn area: 0%
[17:41:06] [Worker-Main-5/INFO]: Preparing spawn area: 0%
[17:41:06] [Worker-Main-6/INFO]: Preparing spawn area: 0%
[17:41:07] [Worker-Main-6/INFO]: Preparing spawn area: 0%
[17:41:07] [Worker-Main-5/INFO]: Preparing spawn area: 0%
[17:41:08] [Worker-Main-4/INFO]: Preparing spawn area: 0%
[17:41:08] [Worker-Main-5/INFO]: Preparing spawn area: 0%
[17:41:09] [Worker-Main-6/INFO]: Preparing spawn area: 0%
[17:41:09] [Worker-Main-5/INFO]: Preparing spawn area: 1%
[17:41:10] [Worker-Main-4/INFO]: Preparing spawn area: 2%
[17:41:10] [Worker-Main-5/INFO]: Preparing spawn area: 3%
[17:41:11] [Worker-Main-6/INFO]: Preparing spawn area: 4%
[17:41:11] [Worker-Main-5/INFO]: Preparing spawn area: 4%
[17:41:12] [Worker-Main-4/INFO]: Preparing spawn area: 6%
[17:41:12] [Worker-Main-4/INFO]: Preparing spawn area: 7%
[17:41:13] [Worker-Main-5/INFO]: Preparing spawn area: 8%
[17:41:13] [Worker-Main-4/INFO]: Preparing spawn area: 9%
[17:41:14] [Worker-Main-6/INFO]: Preparing spawn area: 9%
[17:41:14] [Worker-Main-6/INFO]: Preparing spawn area: 9%
[17:41:15] [Worker-Main-5/INFO]: Preparing spawn area: 9%
[17:41:15] [Worker-Main-4/INFO]: Preparing spawn area: 14%
[17:41:16] [Worker-Main-4/INFO]: Preparing spawn area: 14%
[17:41:16] [Worker-Main-4/INFO]: Preparing spawn area: 16%
[17:41:17] [Worker-Main-5/INFO]: Preparing spawn area: 19%
[17:41:17] [Worker-Main-4/INFO]: Preparing spawn area: 20%
[17:41:18] [Worker-Main-4/INFO]: Preparing spawn area: 20%
[17:41:18] [Worker-Main-4/INFO]: Preparing spawn area: 24%
[17:41:19] [Worker-Main-4/INFO]: Preparing spawn area: 25%
[17:41:19] [Worker-Main-6/INFO]: Preparing spawn area: 27%
[17:41:20] [Worker-Main-5/INFO]: Preparing spawn area: 28%
[17:41:20] [Worker-Main-6/INFO]: Preparing spawn area: 32%
[17:41:21] [Worker-Main-4/INFO]: Preparing spawn area: 32%
[17:41:21] [Worker-Main-4/INFO]: Preparing spawn area: 35%
[17:41:22] [Worker-Main-6/INFO]: Preparing spawn area: 35%
[17:41:23] [Worker-Main-5/INFO]: Preparing spawn area: 43%
[17:41:24] [Worker-Main-4/INFO]: Preparing spawn area: 45%
[17:41:24] [Worker-Main-6/INFO]: Preparing spawn area: 45%
[17:41:24] [Worker-Main-6/INFO]: Preparing spawn area: 52%
[17:41:24] [Worker-Main-5/INFO]: Preparing spawn area: 52%
[17:41:25] [Worker-Main-5/INFO]: Preparing spawn area: 57%
[17:41:26] [Worker-Main-6/INFO]: Preparing spawn area: 61%
[17:41:26] [Worker-Main-6/INFO]: Preparing spawn area: 66%
[17:41:27] [Worker-Main-4/INFO]: Preparing spawn area: 67%
[17:41:27] [Worker-Main-6/INFO]: Preparing spawn area: 72%
[17:41:27] [Worker-Main-5/INFO]: Preparing spawn area: 74%
[17:41:28] [Worker-Main-6/INFO]: Preparing spawn area: 76%
[17:41:29] [Worker-Main-5/INFO]: Preparing spawn area: 82%
[17:41:29] [Worker-Main-5/INFO]: Preparing spawn area: 86%
[17:41:29] [Worker-Main-4/INFO]: Preparing spawn area: 86%
[17:41:30] [Worker-Main-4/INFO]: Preparing spawn area: 92%
[17:41:30] [Server thread/INFO]: Time elapsed: 25416 ms
[17:41:30] [Server thread/INFO]: Done (30.608s)! For help, type "help"
[17:52:00] [Server thread/INFO]: Stopping the server
[17:52:00] [Server thread/INFO]: Stopping server
[17:52:00] [Server thread/INFO]: Saving players
[17:52:00] [Server thread/INFO]: Saving worlds
[17:52:00] [Server thread/INFO]: Saving chunks for level 'ServerLevel[world]'/minecraft:overworld
[17:52:00] [Server thread/INFO]: ThreadedAnvilChunkStorage (world): All chunks are saved
[17:52:00] [Server thread/INFO]: Saving chunks for level 'ServerLevel[world]'/minecraft:the_nether
[17:52:00] [Server thread/INFO]: ThreadedAnvilChunkStorage (DIM-1): All chunks are saved
[17:52:00] [Server thread/INFO]: Saving chunks for level 'ServerLevel[world]'/minecraft:the_end
[17:52:00] [Server thread/INFO]: ThreadedAnvilChunkStorage (DIM1): All chunks are saved
[17:52:00] [Server thread/INFO]: ThreadedAnvilChunkStorage (world): All chunks are saved
[17:52:00] [Server thread/INFO]: ThreadedAnvilChunkStorage (DIM-1): All chunks are saved
[17:52:00] [Server thread/INFO]: ThreadedAnvilChunkStorage (DIM1): All chunks are saved
